Using pre-set license
Built from '2021.2/staging' branch; Version is '2021.2.7f1 (6bd9e232123f) revision 7068130'; Using compiler version '192829333'; Build Type 'Release'
OS: 'Windows 10  (10.0.19042) 64bit Professional' Language: 'en' Physical Memory: 65457 MB
BatchMode: 1, IsHumanControllingUs: 0, StartBugReporterOnCrash: 0, Is64bit: 1, IsPro: 0

COMMAND LINE ARGUMENTS:
C:\Program Files\Unity\Hub\Editor\2021.2.7f1\Editor\Unity.exe
-adb2
-batchMode
-noUpm
-name
AssetImportWorker1
-projectPath
C:/Users/tsili/OneDrive/Desktop/GBC/GAME3004/Section400/GAME3004-W2022-Lab6
-logFile
Logs/AssetImportWorker1.log
-srvPort
64358
Successfully changed project path to: C:/Users/tsili/OneDrive/Desktop/GBC/GAME3004/Section400/GAME3004-W2022-Lab6
C:/Users/tsili/OneDrive/Desktop/GBC/GAME3004/Section400/GAME3004-W2022-Lab6
[UnityMemory] Configuration Parameters - Can be set up in boot.config
    "memorysetup-bucket-allocator-granularity=16"
    "memorysetup-bucket-allocator-bucket-count=8"
    "memorysetup-bucket-allocator-block-size=33554432"
    "memorysetup-bucket-allocator-block-count=8"
    "memorysetup-main-allocator-block-size=16777216"
    "memorysetup-thread-allocator-block-size=16777216"
    "memorysetup-gfx-main-allocator-block-size=16777216"
    "memorysetup-gfx-thread-allocator-block-size=16777216"
    "memorysetup-cache-allocator-block-size=4194304"
    "memorysetup-typetree-allocator-block-size=2097152"
    "memorysetup-profiler-bucket-allocator-granularity=16"
    "memorysetup-profiler-bucket-allocator-bucket-count=8"
    "memorysetup-profiler-bucket-allocator-block-size=33554432"
    "memorysetup-profiler-bucket-allocator-block-count=8"
    "memorysetup-profiler-allocator-block-size=16777216"
    "memorysetup-profiler-editor-allocator-block-size=1048576"
    "memorysetup-temp-allocator-size-main=16777216"
    "memorysetup-job-temp-allocator-block-size=2097152"
    "memorysetup-job-temp-allocator-block-size-background=1048576"
    "memorysetup-job-temp-allocator-reduction-small-platforms=262144"
    "memorysetup-temp-allocator-size-background-worker=32768"
    "memorysetup-temp-allocator-size-job-worker=262144"
    "memorysetup-temp-allocator-size-preload-manager=33554432"
    "memorysetup-temp-allocator-size-nav-mesh-worker=65536"
    "memorysetup-temp-allocator-size-audio-worker=65536"
    "memorysetup-temp-allocator-size-cloud-worker=32768"
    "memorysetup-temp-allocator-size-gi-baking-worker=262144"
    "memorysetup-temp-allocator-size-gfx=262144"
Refreshing native plugins compatible for Editor in 111.01 ms, found 4 plugins.
Preloading 0 native plugins for Editor in 0.00 ms.
Initialize engine version: 2021.2.7f1 (6bd9e232123f)
[Subsystems] Discovering subsystems at path C:/Program Files/Unity/Hub/Editor/2021.2.7f1/Editor/Data/Resources/UnitySubsystems
[Subsystems] Discovering subsystems at path C:/Users/tsili/OneDrive/Desktop/GBC/GAME3004/Section400/GAME3004-W2022-Lab6/Assets
GfxDevice: creating device client; threaded=0; jobified=0
Direct3D:
    Version:  Direct3D 11.0 [level 11.1]
    Renderer: NVIDIA GeForce RTX 3070 (ID=0x2484)
    Vendor:   NVIDIA
    VRAM:     8043 MB
    Driver:   30.0.15.1165
Initialize mono
Mono path[0] = 'C:/Program Files/Unity/Hub/Editor/2021.2.7f1/Editor/Data/Managed'
Mono path[1] = 'C:/Program Files/Unity/Hub/Editor/2021.2.7f1/Editor/Data/MonoBleedingEdge/lib/mono/unityjit-win32'
Mono config path = 'C:/Program Files/Unity/Hub/Editor/2021.2.7f1/Editor/Data/MonoBleedingEdge/etc'
Using monoOptions --debugger-agent=transport=dt_socket,embedding=1,server=y,suspend=n,address=127.0.0.1:56556
Begin MonoManager ReloadAssembly
Registering precompiled unity dll's ...
Register platform support module: C:/Program Files/Unity/Hub/Editor/2021.2.7f1/Editor/Data/PlaybackEngines/WebGLSupport/UnityEditor.WebGL.Extensions.dll
Register platform support module: C:/Program Files/Unity/Hub/Editor/2021.2.7f1/Editor/Data/PlaybackEngines/WindowsStandaloneSupport/UnityEditor.WindowsStandalone.Extensions.dll
Registered in 0.015721 seconds.
Native extension for WindowsStandalone target not found
Native extension for WebGL target not found
Refreshing native plugins compatible for Editor in 92.59 ms, found 4 plugins.
Preloading 0 native plugins for Editor in 0.00 ms.
Mono: successfully reloaded assembly
- Completed reload, in  0.632 seconds
Domain Reload Profiling:
	ReloadAssembly (633ms)
		BeginReloadAssembly (76ms)
			ExecutionOrderSort (0ms)
			DisableScriptedObjects (0ms)
			BackupInstance (0ms)
			ReleaseScriptingObjects (0ms)
			CreateAndSetChildDomain (1ms)
		EndReloadAssembly (463ms)
			LoadAssemblies (73ms)
			RebuildTransferFunctionScriptingTraits (0ms)
			SetupTypeCache (96ms)
			ReleaseScriptCaches (0ms)
			RebuildScriptCaches (24ms)
			SetupLoadedEditorAssemblies (287ms)
				LogAssemblyErrors (0ms)
				InitializePlatformSupportModulesInManaged (19ms)
				SetLoadedEditorAssemblies (0ms)
				RefreshPlugins (93ms)
				BeforeProcessingInitializeOnLoad (1ms)
				ProcessInitializeOnLoadAttributes (132ms)
				ProcessInitializeOnLoadMethodAttributes (41ms)
				AfterProcessingInitializeOnLoad (0ms)
				EditorAssembliesLoaded (0ms)
			ExecutionOrderSort2 (0ms)
			AwakeInstancesAfterBackupRestoration (0ms)
Platform modules already initialized, skipping
Registering precompiled user dll's ...
Registered in 0.010585 seconds.
Begin MonoManager ReloadAssembly
Symbol file LoadedFromMemory doesn't match image C:\Users\tsili\OneDrive\Desktop\GBC\GAME3004\Section400\GAME3004-W2022-Lab6\Library\PackageCache\com.unity.visualscripting@1.7.7\Editor\VisualScripting.Core\Dependencies\YamlDotNet\Unity.VisualScripting.YamlDotNet.dll
Symbol file LoadedFromMemory doesn't match image C:\Users\tsili\OneDrive\Desktop\GBC\GAME3004\Section400\GAME3004-W2022-Lab6\Library\PackageCache\com.unity.visualscripting@1.7.7\Editor\VisualScripting.Core\Dependencies\DotNetZip\Unity.VisualScripting.IonicZip.dll
Native extension for WindowsStandalone target not found
Native extension for WebGL target not found
Refreshing native plugins compatible for Editor in 103.09 ms, found 4 plugins.
Preloading 0 native plugins for Editor in 0.00 ms.
Mono: successfully reloaded assembly
Package Manager log level set to [2]
- Completed reload, in  1.763 seconds
Domain Reload Profiling:
	ReloadAssembly (1764ms)
		BeginReloadAssembly (131ms)
			ExecutionOrderSort (0ms)
			DisableScriptedObjects (5ms)
			BackupInstance (0ms)
			ReleaseScriptingObjects (0ms)
			CreateAndSetChildDomain (25ms)
		EndReloadAssembly (1525ms)
			LoadAssemblies (109ms)
			RebuildTransferFunctionScriptingTraits (0ms)
			SetupTypeCache (257ms)
			ReleaseScriptCaches (1ms)
			RebuildScriptCaches (63ms)
			SetupLoadedEditorAssemblies (1059ms)
				LogAssemblyErrors (0ms)
				InitializePlatformSupportModulesInManaged (14ms)
				SetLoadedEditorAssemblies (0ms)
				RefreshPlugins (103ms)
				BeforeProcessingInitializeOnLoad (122ms)
				ProcessInitializeOnLoadAttributes (738ms)
				ProcessInitializeOnLoadMethodAttributes (67ms)
				AfterProcessingInitializeOnLoad (14ms)
				EditorAssembliesLoaded (0ms)
			ExecutionOrderSort2 (0ms)
			AwakeInstancesAfterBackupRestoration (6ms)
Platform modules already initialized, skipping
========================================================================
Worker process is ready to serve import requests
Launched and connected shader compiler UnityShaderCompiler.exe after 0.07 seconds
Refreshing native plugins compatible for Editor in 1.68 ms, found 4 plugins.
Preloading 0 native plugins for Editor in 0.00 ms.
Unloading 5321 Unused Serialized files (Serialized files now loaded: 0)
Unloading 53 unused Assets / (0.7 MB). Loaded Objects now: 5752.
Memory consumption went from 211.5 MB to 210.8 MB.
Total: 17.943000 ms (FindLiveObjects: 9.426000 ms CreateObjectMapping: 0.837600 ms MarkObjects: 7.074300 ms  DeleteObjects: 0.603300 ms)

AssetImportParameters requested are different than current active one (requested -> active):
  custom:video-decoder-ogg-theora: a1e56fd34408186e4bbccfd4996cb3dc -> 
  custom:container-muxer-webm: aa71ff27fc2769a1b78a27578f13a17b -> 
  custom:container-demuxer-webm: 4f35f7cbe854078d1ac9338744f61a02 -> 
  custom:video-encoder-webm-vp8: eb34c28f22e8b96e1ab97ce403110664 -> 
  custom:audio-encoder-webm-vorbis: bf7c407c2cedff20999df2af8eb42d56 -> 
  custom:framework-win-MediaFoundation: 216162199b28c13a410421893ffa2e32 -> 
  custom:container-demuxer-ogg: 62fdf1f143b41e24485cea50d1cbac27 -> 
  custom:video-decoder-webm-vp8: 9c59270c3fd7afecdb556c50c9e8de78 -> 
  custom:audio-decoder-ogg-vorbis: bf7c407c2cedff20999df2af8eb42d56 -> 
========================================================================
Received Import Request.
  Time since last request: 73958.143922 seconds.
  path: Assets/Textures/PlayerMarker.png
  artifactKey: Guid(840b28d793c1dc447a4a7f91ee5d8cc8) Importer(2089858483,934ff659095e30574adcf32a4c2f97b5)
Start importing Assets/Textures/PlayerMarker.png using Guid(840b28d793c1dc447a4a7f91ee5d8cc8) Importer(2089858483,934ff659095e30574adcf32a4c2f97b5) Generated GUIDs only implemented for interfaces!
 -> (artifact id: 'd233341a6679ccbdff7e124ad6400476') in 0.293254 seconds 
========================================================================
Received Import Request.
  Time since last request: 0.000027 seconds.
  path: Assets/[Scripts]/GameSaveManager.cs
  artifactKey: Guid(a6eb8327222b8d74fa6c78a0913960eb) Importer(2089858483,934ff659095e30574adcf32a4c2f97b5)
Start importing Assets/[Scripts]/GameSaveManager.cs using Guid(a6eb8327222b8d74fa6c78a0913960eb) Importer(2089858483,934ff659095e30574adcf32a4c2f97b5) Generated GUIDs only implemented for interfaces!
 -> (artifact id: 'acc2a4dd6ce7176a0d22d2b643be6749') in 0.035942 seconds 
========================================================================
Received Import Request.
  Time since last request: 0.000030 seconds.
  path: Assets/TextMesh Pro/Shaders/TMPro_Properties.cginc
  artifactKey: Guid(3997e2241185407d80309a82f9148466) Importer(2089858483,934ff659095e30574adcf32a4c2f97b5)
Start importing Assets/TextMesh Pro/Shaders/TMPro_Properties.cginc using Guid(3997e2241185407d80309a82f9148466) Importer(2089858483,934ff659095e30574adcf32a4c2f97b5) Generated GUIDs only implemented for interfaces!
 -> (artifact id: '07069eef9733e09103bcba069ecb4fa5') in 0.013996 seconds 
========================================================================
Received Import Request.
  Time since last request: 0.000021 seconds.
  path: Assets/TextMesh Pro/Resources/Fonts & Materials/LiberationSans SDF - Fallback.asset
  artifactKey: Guid(2e498d1c8094910479dc3e1b768306a4) Importer(2089858483,934ff659095e30574adcf32a4c2f97b5)
Start importing Assets/TextMesh Pro/Resources/Fonts & Materials/LiberationSans SDF - Fallback.asset using Guid(2e498d1c8094910479dc3e1b768306a4) Importer(2089858483,934ff659095e30574adcf32a4c2f97b5) Generated GUIDs only implemented for interfaces!
 -> (artifact id: 'c6b350b7497a145f3c2bf5ff4ef3115c') in 0.026544 seconds 
========================================================================
Received Import Request.
  Time since last request: 0.000030 seconds.
  path: Assets/Materials/Black Material.mat
  artifactKey: Guid(e70737dbbd7459a418bc2736d49fc42e) Importer(2089858483,934ff659095e30574adcf32a4c2f97b5)
Start importing Assets/Materials/Black Material.mat using Guid(e70737dbbd7459a418bc2736d49fc42e) Importer(2089858483,934ff659095e30574adcf32a4c2f97b5) Generated GUIDs only implemented for interfaces!
 -> (artifact id: '8205bc8363c269ef643386c6687032c7') in 0.013288 seconds 
========================================================================
Received Import Request.
  Time since last request: 0.000026 seconds.
  path: Assets/TextMesh Pro/Shaders/TMPro_Surface.cginc
  artifactKey: Guid(d930090c0cd643c7b55f19a38538c162) Importer(2089858483,934ff659095e30574adcf32a4c2f97b5)
Start importing Assets/TextMesh Pro/Shaders/TMPro_Surface.cginc using Guid(d930090c0cd643c7b55f19a38538c162) Importer(2089858483,934ff659095e30574adcf32a4c2f97b5) Generated GUIDs only implemented for interfaces!
 -> (artifact id: '1a8c0f663b6f6208cfe03fbecf3562b6') in 0.009309 seconds 
========================================================================
Received Import Request.
  Time since last request: 0.000024 seconds.
  path: Assets/TextMesh Pro/Shaders/TMP_Bitmap.shader
  artifactKey: Guid(128e987d567d4e2c824d754223b3f3b0) Importer(2089858483,934ff659095e30574adcf32a4c2f97b5)
Start importing Assets/TextMesh Pro/Shaders/TMP_Bitmap.shader using Guid(128e987d567d4e2c824d754223b3f3b0) Importer(2089858483,934ff659095e30574adcf32a4c2f97b5) Generated GUIDs only implemented for interfaces!
 -> (artifact id: 'a1571444be793be807bda4f16b4b7ea3') in 0.013339 seconds 
========================================================================
Received Import Request.
  Time since last request: 0.000026 seconds.
  path: Assets/Adaptive Performance/Settings/Simulator Provider Settings.asset
  artifactKey: Guid(1aea48ad6d4732f42b7aef7a1a19d025) Importer(2089858483,934ff659095e30574adcf32a4c2f97b5)
Start importing Assets/Adaptive Performance/Settings/Simulator Provider Settings.asset using Guid(1aea48ad6d4732f42b7aef7a1a19d025) Importer(2089858483,934ff659095e30574adcf32a4c2f97b5) Generated GUIDs only implemented for interfaces!
 -> (artifact id: 'bddc8e7b62c293c2c9145fc1de852e73') in 0.013339 seconds 
========================================================================
Received Import Request.
  Time since last request: 0.000028 seconds.
  path: Assets/TextMesh Pro/Shaders/TMP_SDF-Mobile.shader
  artifactKey: Guid(fe393ace9b354375a9cb14cdbbc28be4) Importer(2089858483,934ff659095e30574adcf32a4c2f97b5)
Start importing Assets/TextMesh Pro/Shaders/TMP_SDF-Mobile.shader using Guid(fe393ace9b354375a9cb14cdbbc28be4) Importer(2089858483,934ff659095e30574adcf32a4c2f97b5) Generated GUIDs only implemented for interfaces!
 -> (artifact id: 'b37db5c426a9cdf44631a69f9d486156') in 0.012166 seconds 
========================================================================
Received Import Request.
  Time since last request: 0.000041 seconds.
  path: Assets/TextMesh Pro/Shaders/TMP_SDF-Mobile Overlay.shader
  artifactKey: Guid(a02a7d8c237544f1962732b55a9aebf1) Importer(2089858483,934ff659095e30574adcf32a4c2f97b5)
Start importing Assets/TextMesh Pro/Shaders/TMP_SDF-Mobile Overlay.shader using Guid(a02a7d8c237544f1962732b55a9aebf1) Importer(2089858483,934ff659095e30574adcf32a4c2f97b5) Generated GUIDs only implemented for interfaces!
 -> (artifact id: '7259a851f3b55acda1297ee1cdbe11ea') in 0.010483 seconds 
========================================================================
Received Import Request.
  Time since last request: 0.000028 seconds.
  path: Assets/TextMesh Pro/Shaders/TMP_SDF-Surface.shader
  artifactKey: Guid(f7ada0af4f174f0694ca6a487b8f543d) Importer(2089858483,934ff659095e30574adcf32a4c2f97b5)
Start importing Assets/TextMesh Pro/Shaders/TMP_SDF-Surface.shader using Guid(f7ada0af4f174f0694ca6a487b8f543d) Importer(2089858483,934ff659095e30574adcf32a4c2f97b5) Generated GUIDs only implemented for interfaces!
 -> (artifact id: '0799b26a44c73f10919cdf96f270e898') in 0.009236 seconds 
========================================================================
Received Import Request.
  Time since last request: 0.000037 seconds.
  path: Assets/TextMesh Pro/Resources/LineBreaking Leading Characters.txt
  artifactKey: Guid(d82c1b31c7e74239bff1220585707d2b) Importer(2089858483,934ff659095e30574adcf32a4c2f97b5)
Start importing Assets/TextMesh Pro/Resources/LineBreaking Leading Characters.txt using Guid(d82c1b31c7e74239bff1220585707d2b) Importer(2089858483,934ff659095e30574adcf32a4c2f97b5) Generated GUIDs only implemented for interfaces!
 -> (artifact id: '307a5168c4a77d5c2c09e257500410fe') in 0.012498 seconds 
========================================================================
Received Import Request.
  Time since last request: 0.000027 seconds.
  path: Assets/Textures/EnemyMarker.png
  artifactKey: Guid(d69a1935fdac7664aaff79eefd5a313f) Importer(2089858483,934ff659095e30574adcf32a4c2f97b5)
Start importing Assets/Textures/EnemyMarker.png using Guid(d69a1935fdac7664aaff79eefd5a313f) Importer(2089858483,934ff659095e30574adcf32a4c2f97b5) Generated GUIDs only implemented for interfaces!
 -> (artifact id: 'ca36b586377ab883b9ff6bceca204d0b') in 0.009869 seconds 
========================================================================
Received Import Request.
  Time since last request: 0.000016 seconds.
  path: Assets/Textures/Metal.tif
  artifactKey: Guid(46fd30f0b8bc63547a3a5629c91595eb) Importer(2089858483,934ff659095e30574adcf32a4c2f97b5)
Start importing Assets/Textures/Metal.tif using Guid(46fd30f0b8bc63547a3a5629c91595eb) Importer(2089858483,934ff659095e30574adcf32a4c2f97b5) Generated GUIDs only implemented for interfaces!
 -> (artifact id: '75b8a03dd75f6b542d674b7172991f2b') in 0.019218 seconds 
========================================================================
Received Import Request.
  Time since last request: 0.000033 seconds.
  path: Assets/Animations/Hazard Animator Controller.controller
  artifactKey: Guid(bd06cbcb8bd16214e9f620ff09047354) Importer(2089858483,934ff659095e30574adcf32a4c2f97b5)
Start importing Assets/Animations/Hazard Animator Controller.controller using Guid(bd06cbcb8bd16214e9f620ff09047354) Importer(2089858483,934ff659095e30574adcf32a4c2f97b5) Generated GUIDs only implemented for interfaces!
 -> (artifact id: '978b2b762746f5331a330e83abf815bf') in 0.014726 seconds 
========================================================================
Received Import Request.
  Time since last request: 0.000016 seconds.
  path: Assets/Models/tile2.fbx
  artifactKey: Guid(29788c4a9324e9f4aa2ed5d5d2e903ce) Importer(2089858483,934ff659095e30574adcf32a4c2f97b5)
Start importing Assets/Models/tile2.fbx using Guid(29788c4a9324e9f4aa2ed5d5d2e903ce) Importer(2089858483,934ff659095e30574adcf32a4c2f97b5) Generated GUIDs only implemented for interfaces!
 -> (artifact id: '05e47e081cce523a1dfb6e261ec9e77b') in 0.096220 seconds 
========================================================================
Received Import Request.
  Time since last request: 0.000021 seconds.
  path: Assets/TextMesh Pro/Shaders/TMP_Sprite.shader
  artifactKey: Guid(cf81c85f95fe47e1a27f6ae460cf182c) Importer(2089858483,934ff659095e30574adcf32a4c2f97b5)
Start importing Assets/TextMesh Pro/Shaders/TMP_Sprite.shader using Guid(cf81c85f95fe47e1a27f6ae460cf182c) Importer(2089858483,934ff659095e30574adcf32a4c2f97b5) Generated GUIDs only implemented for interfaces!
 -> (artifact id: '34da904c0aabb8a90e5264285e5de64f') in 0.007926 seconds 
========================================================================
Received Import Request.
  Time since last request: 0.000024 seconds.
  path: Assets/Prefabs/Hazard.prefab
  artifactKey: Guid(66bb194d48569dc44aabb1415651ce80) Importer(2089858483,934ff659095e30574adcf32a4c2f97b5)
Start importing Assets/Prefabs/Hazard.prefab using Guid(66bb194d48569dc44aabb1415651ce80) Importer(2089858483,934ff659095e30574adcf32a4c2f97b5) Generated GUIDs only implemented for interfaces!
 -> (artifact id: '048c32c7cd03635f1d992d81fd6848f7') in 0.018013 seconds 
========================================================================
Received Import Request.
  Time since last request: 0.000023 seconds.
  path: Assets/Xternal Assets/Joystick Pack/Sprites/Handles/Handle_Outline_Arrows.png
  artifactKey: Guid(5eda94a9dcf71e445ad17e3c065d1460) Importer(2089858483,934ff659095e30574adcf32a4c2f97b5)
Start importing Assets/Xternal Assets/Joystick Pack/Sprites/Handles/Handle_Outline_Arrows.png using Guid(5eda94a9dcf71e445ad17e3c065d1460) Importer(2089858483,934ff659095e30574adcf32a4c2f97b5) Generated GUIDs only implemented for interfaces!
 -> (artifact id: '940a60e331cbf266d98c86b9c7c8735b') in 0.014195 seconds 
========================================================================
Received Import Request.
  Time since last request: 0.000023 seconds.
  path: Assets/Xternal Assets/Joystick Pack/Sprites/Handles/Handle_Ridged_Arrows.png
  artifactKey: Guid(a6c56474666ce0647bdb766e9b4764b3) Importer(2089858483,934ff659095e30574adcf32a4c2f97b5)
Start importing Assets/Xternal Assets/Joystick Pack/Sprites/Handles/Handle_Ridged_Arrows.png using Guid(a6c56474666ce0647bdb766e9b4764b3) Importer(2089858483,934ff659095e30574adcf32a4c2f97b5) Generated GUIDs only implemented for interfaces!
 -> (artifact id: '272be6ff516e04ce834fa801308af834') in 0.014008 seconds 
========================================================================
Received Import Request.
  Time since last request: 0.000029 seconds.
  path: Assets/Xternal Assets/Joystick Pack/Sprites/Vertical Backgrounds/Vertical_Outline.png
  artifactKey: Guid(f054197ef28924b4986cbd91de2ab054) Importer(2089858483,934ff659095e30574adcf32a4c2f97b5)
Start importing Assets/Xternal Assets/Joystick Pack/Sprites/Vertical Backgrounds/Vertical_Outline.png using Guid(f054197ef28924b4986cbd91de2ab054) Importer(2089858483,934ff659095e30574adcf32a4c2f97b5) Generated GUIDs only implemented for interfaces!
 -> (artifact id: '0411aa4bf017c70d760db41a967b2e9c') in 0.015335 seconds 
========================================================================
Received Import Request.
  Time since last request: 0.000020 seconds.
  path: Assets/Xternal Assets/Joystick Pack/Sprites/Handles/Handle_Plain.png
  artifactKey: Guid(010a6e5305fa7004f89c5d317b7b47d4) Importer(2089858483,934ff659095e30574adcf32a4c2f97b5)
Start importing Assets/Xternal Assets/Joystick Pack/Sprites/Handles/Handle_Plain.png using Guid(010a6e5305fa7004f89c5d317b7b47d4) Importer(2089858483,934ff659095e30574adcf32a4c2f97b5) Generated GUIDs only implemented for interfaces!
 -> (artifact id: '04bd042eae744e52c9227d0c3dca38f8') in 0.013721 seconds 
========================================================================
Received Import Request.
  Time since last request: 0.000028 seconds.
  path: Assets/Xternal Assets/Joystick Pack/Sprites/Handles/Handle_Plain_Arrows.png
  artifactKey: Guid(f353d42d1db27ff42b78b28efd86b316) Importer(2089858483,934ff659095e30574adcf32a4c2f97b5)
Start importing Assets/Xternal Assets/Joystick Pack/Sprites/Handles/Handle_Plain_Arrows.png using Guid(f353d42d1db27ff42b78b28efd86b316) Importer(2089858483,934ff659095e30574adcf32a4c2f97b5) Generated GUIDs only implemented for interfaces!
 -> (artifact id: 'd9cdce0dbd212b1aa2438721b6a37bc4') in 0.011036 seconds 
========================================================================
Received Import Request.
  Time since last request: 0.000036 seconds.
  path: Assets/Xternal Assets/Joystick Pack/Sprites/Horizontal Backgrounds/Horizontal_Ridged_Arrows.png
  artifactKey: Guid(b8467ea5fbaf9ba42908de6411bd443d) Importer(2089858483,934ff659095e30574adcf32a4c2f97b5)
Start importing Assets/Xternal Assets/Joystick Pack/Sprites/Horizontal Backgrounds/Horizontal_Ridged_Arrows.png using Guid(b8467ea5fbaf9ba42908de6411bd443d) Importer(2089858483,934ff659095e30574adcf32a4c2f97b5) Generated GUIDs only implemented for interfaces!
 -> (artifact id: 'cce928eddb50e852a21f5edab2e57b56') in 0.015572 seconds 
========================================================================
Received Import Request.
  Time since last request: 0.000022 seconds.
  path: Assets/Models/tile1.fbx
  artifactKey: Guid(3dd010ad37d053d41b9d634a1bd10a38) Importer(2089858483,934ff659095e30574adcf32a4c2f97b5)
Start importing Assets/Models/tile1.fbx using Guid(3dd010ad37d053d41b9d634a1bd10a38) Importer(2089858483,934ff659095e30574adcf32a4c2f97b5) Generated GUIDs only implemented for interfaces!
 -> (artifact id: 'f4a23dd8e95c4cb61d1865e37a539ed4') in 0.009884 seconds 
========================================================================
Received Import Request.
  Time since last request: 0.000023 seconds.
  path: Assets/Xternal Assets/Joystick Pack/Sprites/All Axis Backgrounds/AllAxis_Ridged_Arrows.png
  artifactKey: Guid(4cbc879550e5e374a925e2e0a84d6f3c) Importer(2089858483,934ff659095e30574adcf32a4c2f97b5)
Start importing Assets/Xternal Assets/Joystick Pack/Sprites/All Axis Backgrounds/AllAxis_Ridged_Arrows.png using Guid(4cbc879550e5e374a925e2e0a84d6f3c) Importer(2089858483,934ff659095e30574adcf32a4c2f97b5) Generated GUIDs only implemented for interfaces!
 -> (artifact id: '85620fa35620c4dfcf69b6c383d52d0e') in 0.012934 seconds 
========================================================================
Received Import Request.
  Time since last request: 0.000022 seconds.
  path: Assets/Xternal Assets/Joystick Pack/Sprites/Horizontal Backgrounds/Horizontal_Plain_Arrows.png
  artifactKey: Guid(c8585b68a92b5d440992ddd7d1b1a3d6) Importer(2089858483,934ff659095e30574adcf32a4c2f97b5)
Start importing Assets/Xternal Assets/Joystick Pack/Sprites/Horizontal Backgrounds/Horizontal_Plain_Arrows.png using Guid(c8585b68a92b5d440992ddd7d1b1a3d6) Importer(2089858483,934ff659095e30574adcf32a4c2f97b5) Generated GUIDs only implemented for interfaces!
 -> (artifact id: 'dfa4f66a0fa8f1828ef62056a167f19d') in 0.009954 seconds 
========================================================================
Received Prepare
Refreshing native plugins compatible for Editor in 16.14 ms, found 4 plugins.
Preloading 0 native plugins for Editor in 0.00 ms.
Unloading 46 Unused Serialized files (Serialized files now loaded: 0)
Unloading 46 unused Assets / (0.7 MB). Loaded Objects now: 5752.
Memory consumption went from 97.7 MB to 97.0 MB.
Total: 5.265700 ms (FindLiveObjects: 0.647400 ms CreateObjectMapping: 0.659500 ms MarkObjects: 3.543700 ms  DeleteObjects: 0.414600 ms)

AssetImportParameters requested are different than current active one (requested -> active):
  custom:video-decoder-ogg-theora: a1e56fd34408186e4bbccfd4996cb3dc -> 
  custom:container-muxer-webm: aa71ff27fc2769a1b78a27578f13a17b -> 
  custom:container-demuxer-webm: 4f35f7cbe854078d1ac9338744f61a02 -> 
  custom:video-encoder-webm-vp8: eb34c28f22e8b96e1ab97ce403110664 -> 
  custom:audio-encoder-webm-vorbis: bf7c407c2cedff20999df2af8eb42d56 -> 
  custom:framework-win-MediaFoundation: 216162199b28c13a410421893ffa2e32 -> 
  custom:SearchIndexIgnoredProperties: e643bd26f0fe6173181afceb89e7c659 -> 
  custom:container-demuxer-ogg: 62fdf1f143b41e24485cea50d1cbac27 -> 
  custom:video-decoder-webm-vp8: 9c59270c3fd7afecdb556c50c9e8de78 -> 
  custom:audio-decoder-ogg-vorbis: bf7c407c2cedff20999df2af8eb42d56 -> 
Editor requested this worker to shutdown with reason: Scaling down because of idle timeout
AssetImportWorker is now disconnected from the server
Process exiting
Exiting without the bug reporter. Application will terminate with return code 0