Using pre-set license
Built from '2021.2/staging' branch; Version is '2021.2.7f1 (6bd9e232123f) revision 7068130'; Using compiler version '192829333'; Build Type 'Release'
OS: 'Windows 10  (10.0.19042) 64bit Professional' Language: 'en' Physical Memory: 65457 MB
BatchMode: 1, IsHumanControllingUs: 0, StartBugReporterOnCrash: 0, Is64bit: 1, IsPro: 0

COMMAND LINE ARGUMENTS:
C:\Program Files\Unity\Hub\Editor\2021.2.7f1\Editor\Unity.exe
-adb2
-batchMode
-noUpm
-name
AssetImportWorker2
-projectPath
C:/Users/tsili/OneDrive/Desktop/GBC/GAME3004/Section400/GAME3004-W2022-Lab6
-logFile
Logs/AssetImportWorker2.log
-srvPort
64358
Successfully changed project path to: C:/Users/tsili/OneDrive/Desktop/GBC/GAME3004/Section400/GAME3004-W2022-Lab6
C:/Users/tsili/OneDrive/Desktop/GBC/GAME3004/Section400/GAME3004-W2022-Lab6
[UnityMemory] Configuration Parameters - Can be set up in boot.config
    "memorysetup-bucket-allocator-granularity=16"
    "memorysetup-bucket-allocator-bucket-count=8"
    "memorysetup-bucket-allocator-block-size=33554432"
    "memorysetup-bucket-allocator-block-count=8"
    "memorysetup-main-allocator-block-size=16777216"
    "memorysetup-thread-allocator-block-size=16777216"
    "memorysetup-gfx-main-allocator-block-size=16777216"
    "memorysetup-gfx-thread-allocator-block-size=16777216"
    "memorysetup-cache-allocator-block-size=4194304"
    "memorysetup-typetree-allocator-block-size=2097152"
    "memorysetup-profiler-bucket-allocator-granularity=16"
    "memorysetup-profiler-bucket-allocator-bucket-count=8"
    "memorysetup-profiler-bucket-allocator-block-size=33554432"
    "memorysetup-profiler-bucket-allocator-block-count=8"
    "memorysetup-profiler-allocator-block-size=16777216"
    "memorysetup-profiler-editor-allocator-block-size=1048576"
    "memorysetup-temp-allocator-size-main=16777216"
    "memorysetup-job-temp-allocator-block-size=2097152"
    "memorysetup-job-temp-allocator-block-size-background=1048576"
    "memorysetup-job-temp-allocator-reduction-small-platforms=262144"
    "memorysetup-temp-allocator-size-background-worker=32768"
    "memorysetup-temp-allocator-size-job-worker=262144"
    "memorysetup-temp-allocator-size-preload-manager=33554432"
    "memorysetup-temp-allocator-size-nav-mesh-worker=65536"
    "memorysetup-temp-allocator-size-audio-worker=65536"
    "memorysetup-temp-allocator-size-cloud-worker=32768"
    "memorysetup-temp-allocator-size-gi-baking-worker=262144"
    "memorysetup-temp-allocator-size-gfx=262144"
Refreshing native plugins compatible for Editor in 103.69 ms, found 4 plugins.
Preloading 0 native plugins for Editor in 0.00 ms.
Initialize engine version: 2021.2.7f1 (6bd9e232123f)
[Subsystems] Discovering subsystems at path C:/Program Files/Unity/Hub/Editor/2021.2.7f1/Editor/Data/Resources/UnitySubsystems
[Subsystems] Discovering subsystems at path C:/Users/tsili/OneDrive/Desktop/GBC/GAME3004/Section400/GAME3004-W2022-Lab6/Assets
GfxDevice: creating device client; threaded=0; jobified=0
Direct3D:
    Version:  Direct3D 11.0 [level 11.1]
    Renderer: NVIDIA GeForce RTX 3070 (ID=0x2484)
    Vendor:   NVIDIA
    VRAM:     8043 MB
    Driver:   30.0.15.1165
Initialize mono
Mono path[0] = 'C:/Program Files/Unity/Hub/Editor/2021.2.7f1/Editor/Data/Managed'
Mono path[1] = 'C:/Program Files/Unity/Hub/Editor/2021.2.7f1/Editor/Data/MonoBleedingEdge/lib/mono/unityjit-win32'
Mono config path = 'C:/Program Files/Unity/Hub/Editor/2021.2.7f1/Editor/Data/MonoBleedingEdge/etc'
Using monoOptions --debugger-agent=transport=dt_socket,embedding=1,server=y,suspend=n,address=127.0.0.1:56540
Begin MonoManager ReloadAssembly
Registering precompiled unity dll's ...
Register platform support module: C:/Program Files/Unity/Hub/Editor/2021.2.7f1/Editor/Data/PlaybackEngines/WebGLSupport/UnityEditor.WebGL.Extensions.dll
Register platform support module: C:/Program Files/Unity/Hub/Editor/2021.2.7f1/Editor/Data/PlaybackEngines/WindowsStandaloneSupport/UnityEditor.WindowsStandalone.Extensions.dll
Registered in 0.016111 seconds.
Native extension for WindowsStandalone target not found
Native extension for WebGL target not found
Refreshing native plugins compatible for Editor in 93.88 ms, found 4 plugins.
Preloading 0 native plugins for Editor in 0.00 ms.
Mono: successfully reloaded assembly
- Completed reload, in  0.643 seconds
Domain Reload Profiling:
	ReloadAssembly (643ms)
		BeginReloadAssembly (80ms)
			ExecutionOrderSort (0ms)
			DisableScriptedObjects (0ms)
			BackupInstance (0ms)
			ReleaseScriptingObjects (0ms)
			CreateAndSetChildDomain (1ms)
		EndReloadAssembly (473ms)
			LoadAssemblies (76ms)
			RebuildTransferFunctionScriptingTraits (0ms)
			SetupTypeCache (102ms)
			ReleaseScriptCaches (0ms)
			RebuildScriptCaches (23ms)
			SetupLoadedEditorAssemblies (287ms)
				LogAssemblyErrors (0ms)
				InitializePlatformSupportModulesInManaged (19ms)
				SetLoadedEditorAssemblies (0ms)
				RefreshPlugins (94ms)
				BeforeProcessingInitializeOnLoad (1ms)
				ProcessInitializeOnLoadAttributes (132ms)
				ProcessInitializeOnLoadMethodAttributes (41ms)
				AfterProcessingInitializeOnLoad (0ms)
				EditorAssembliesLoaded (0ms)
			ExecutionOrderSort2 (0ms)
			AwakeInstancesAfterBackupRestoration (0ms)
Platform modules already initialized, skipping
Registering precompiled user dll's ...
Registered in 0.010775 seconds.
Begin MonoManager ReloadAssembly
Symbol file LoadedFromMemory doesn't match image C:\Users\tsili\OneDrive\Desktop\GBC\GAME3004\Section400\GAME3004-W2022-Lab6\Library\PackageCache\com.unity.visualscripting@1.7.7\Editor\VisualScripting.Core\Dependencies\YamlDotNet\Unity.VisualScripting.YamlDotNet.dll
Symbol file LoadedFromMemory doesn't match image C:\Users\tsili\OneDrive\Desktop\GBC\GAME3004\Section400\GAME3004-W2022-Lab6\Library\PackageCache\com.unity.visualscripting@1.7.7\Editor\VisualScripting.Core\Dependencies\DotNetZip\Unity.VisualScripting.IonicZip.dll
Native extension for WindowsStandalone target not found
Native extension for WebGL target not found
Refreshing native plugins compatible for Editor in 95.02 ms, found 4 plugins.
Preloading 0 native plugins for Editor in 0.00 ms.
Mono: successfully reloaded assembly
Package Manager log level set to [2]
- Completed reload, in  1.802 seconds
Domain Reload Profiling:
	ReloadAssembly (1803ms)
		BeginReloadAssembly (127ms)
			ExecutionOrderSort (0ms)
			DisableScriptedObjects (6ms)
			BackupInstance (0ms)
			ReleaseScriptingObjects (0ms)
			CreateAndSetChildDomain (24ms)
		EndReloadAssembly (1558ms)
			LoadAssemblies (100ms)
			RebuildTransferFunctionScriptingTraits (0ms)
			SetupTypeCache (269ms)
			ReleaseScriptCaches (1ms)
			RebuildScriptCaches (65ms)
			SetupLoadedEditorAssemblies (1084ms)
				LogAssemblyErrors (0ms)
				InitializePlatformSupportModulesInManaged (13ms)
				SetLoadedEditorAssemblies (0ms)
				RefreshPlugins (95ms)
				BeforeProcessingInitializeOnLoad (132ms)
				ProcessInitializeOnLoadAttributes (756ms)
				ProcessInitializeOnLoadMethodAttributes (73ms)
				AfterProcessingInitializeOnLoad (14ms)
				EditorAssembliesLoaded (0ms)
			ExecutionOrderSort2 (0ms)
			AwakeInstancesAfterBackupRestoration (6ms)
Platform modules already initialized, skipping
========================================================================
Worker process is ready to serve import requests
Launched and connected shader compiler UnityShaderCompiler.exe after 0.09 seconds
Refreshing native plugins compatible for Editor in 12.09 ms, found 4 plugins.
Preloading 0 native plugins for Editor in 0.00 ms.
Unloading 5321 Unused Serialized files (Serialized files now loaded: 0)
Unloading 53 unused Assets / (0.7 MB). Loaded Objects now: 5752.
Memory consumption went from 211.5 MB to 210.8 MB.
Total: 7.621000 ms (FindLiveObjects: 1.164200 ms CreateObjectMapping: 0.800000 ms MarkObjects: 5.198600 ms  DeleteObjects: 0.452500 ms)

AssetImportParameters requested are different than current active one (requested -> active):
  custom:video-decoder-ogg-theora: a1e56fd34408186e4bbccfd4996cb3dc -> 
  custom:container-muxer-webm: aa71ff27fc2769a1b78a27578f13a17b -> 
  custom:container-demuxer-webm: 4f35f7cbe854078d1ac9338744f61a02 -> 
  custom:video-encoder-webm-vp8: eb34c28f22e8b96e1ab97ce403110664 -> 
  custom:audio-encoder-webm-vorbis: bf7c407c2cedff20999df2af8eb42d56 -> 
  custom:framework-win-MediaFoundation: 216162199b28c13a410421893ffa2e32 -> 
  custom:container-demuxer-ogg: 62fdf1f143b41e24485cea50d1cbac27 -> 
  custom:video-decoder-webm-vp8: 9c59270c3fd7afecdb556c50c9e8de78 -> 
  custom:audio-decoder-ogg-vorbis: bf7c407c2cedff20999df2af8eb42d56 -> 
========================================================================
Received Import Request.
  Time since last request: 73958.302679 seconds.
  path: Assets/Materials/Enemy Marker Material.mat
  artifactKey: Guid(df61e5cdafff035468644015c4fda07d) Importer(2089858483,934ff659095e30574adcf32a4c2f97b5)
Start importing Assets/Materials/Enemy Marker Material.mat using Guid(df61e5cdafff035468644015c4fda07d) Importer(2089858483,934ff659095e30574adcf32a4c2f97b5) Generated GUIDs only implemented for interfaces!
 -> (artifact id: '265804b083456ba8c6fd59714b1e31c0') in 0.207000 seconds 
========================================================================
Received Import Request.
  Time since last request: 0.000036 seconds.
  path: Assets/[Scripts]/UIController.cs
  artifactKey: Guid(24a76b8a3ca63ac41b478f58455a5266) Importer(2089858483,934ff659095e30574adcf32a4c2f97b5)
Start importing Assets/[Scripts]/UIController.cs using Guid(24a76b8a3ca63ac41b478f58455a5266) Importer(2089858483,934ff659095e30574adcf32a4c2f97b5) Generated GUIDs only implemented for interfaces!
 -> (artifact id: '1495b003ee96cc9d5df74f200a2c423a') in 0.012913 seconds 
========================================================================
Received Import Request.
  Time since last request: 0.000031 seconds.
  path: Assets/Editor/com.unity.mobile.notifications/NotificationSettings.asset
  artifactKey: Guid(45a04f37e0f48c744acc0874c4a8918a) Importer(2089858483,934ff659095e30574adcf32a4c2f97b5)
Start importing Assets/Editor/com.unity.mobile.notifications/NotificationSettings.asset using Guid(45a04f37e0f48c744acc0874c4a8918a) Importer(2089858483,934ff659095e30574adcf32a4c2f97b5) Generated GUIDs only implemented for interfaces!
 -> (artifact id: '8bdaf98c7a52137f941061b3ee221ebb') in 0.019306 seconds 
========================================================================
Received Import Request.
  Time since last request: 0.000019 seconds.
  path: Assets/TextMesh Pro/Fonts/LiberationSans.ttf
  artifactKey: Guid(e3265ab4bf004d28a9537516768c1c75) Importer(2089858483,934ff659095e30574adcf32a4c2f97b5)
Start importing Assets/TextMesh Pro/Fonts/LiberationSans.ttf using Guid(e3265ab4bf004d28a9537516768c1c75) Importer(2089858483,934ff659095e30574adcf32a4c2f97b5) Generated GUIDs only implemented for interfaces!
 -> (artifact id: '8bdf52ac6e1d5b7711cb3b1223f7cc14') in 0.021791 seconds 
========================================================================
Received Import Request.
  Time since last request: 0.000018 seconds.
  path: Assets/TextMesh Pro/Resources/Sprite Assets/EmojiOne.asset
  artifactKey: Guid(c41005c129ba4d66911b75229fd70b45) Importer(2089858483,934ff659095e30574adcf32a4c2f97b5)
Start importing Assets/TextMesh Pro/Resources/Sprite Assets/EmojiOne.asset using Guid(c41005c129ba4d66911b75229fd70b45) Importer(2089858483,934ff659095e30574adcf32a4c2f97b5) Generated GUIDs only implemented for interfaces!
 -> (artifact id: 'edd6195501a8e6eeaf87810b18ac2bc8') in 0.019861 seconds 
========================================================================
Received Import Request.
  Time since last request: 0.000027 seconds.
  path: Assets/Xternal Assets/Joystick Pack/Documentaion.pdf
  artifactKey: Guid(cfa813ed406827e43b967abd54ab5b9a) Importer(2089858483,934ff659095e30574adcf32a4c2f97b5)
Start importing Assets/Xternal Assets/Joystick Pack/Documentaion.pdf using Guid(cfa813ed406827e43b967abd54ab5b9a) Importer(2089858483,934ff659095e30574adcf32a4c2f97b5) Generated GUIDs only implemented for interfaces!
 -> (artifact id: '7284402feb407a5cfbc39d2bdd2129b9') in 0.017190 seconds 
========================================================================
Received Import Request.
  Time since last request: 0.000024 seconds.
  path: Assets/Xternal Assets/Joystick Pack/Examples/Player.mat
  artifactKey: Guid(59e4faf24927edf4a82f463ad16f1c37) Importer(2089858483,934ff659095e30574adcf32a4c2f97b5)
Start importing Assets/Xternal Assets/Joystick Pack/Examples/Player.mat using Guid(59e4faf24927edf4a82f463ad16f1c37) Importer(2089858483,934ff659095e30574adcf32a4c2f97b5) Generated GUIDs only implemented for interfaces!
 -> (artifact id: 'cd09863e63d241a8891bb53aec52575a') in 0.010177 seconds 
========================================================================
Received Import Request.
  Time since last request: 0.000034 seconds.
  path: Assets/Textures/Bronze_M.tif
  artifactKey: Guid(efdaf40b07a55074cafda7da10431dde) Importer(2089858483,934ff659095e30574adcf32a4c2f97b5)
Start importing Assets/Textures/Bronze_M.tif using Guid(efdaf40b07a55074cafda7da10431dde) Importer(2089858483,934ff659095e30574adcf32a4c2f97b5) Generated GUIDs only implemented for interfaces!
 -> (artifact id: '1c63178830729ad31ea0db90ad1c6b1a') in 0.017491 seconds 
========================================================================
Received Import Request.
  Time since last request: 0.000022 seconds.
  path: Assets/Xternal Assets/Joystick Pack/Prefabs/Dynamic Joystick.prefab
  artifactKey: Guid(56fae09712773584fb63896d473a98ee) Importer(2089858483,934ff659095e30574adcf32a4c2f97b5)
Start importing Assets/Xternal Assets/Joystick Pack/Prefabs/Dynamic Joystick.prefab using Guid(56fae09712773584fb63896d473a98ee) Importer(2089858483,934ff659095e30574adcf32a4c2f97b5) Generated GUIDs only implemented for interfaces!
 -> (artifact id: '33987762eb00df639ca04614b25b5305') in 0.016094 seconds 
========================================================================
Received Import Request.
  Time since last request: 0.000025 seconds.
  path: Assets/Xternal Assets/Joystick Pack/Examples/JoystickPlayerExample.cs
  artifactKey: Guid(a37d705c8e9115e439ec799186182634) Importer(2089858483,934ff659095e30574adcf32a4c2f97b5)
Start importing Assets/Xternal Assets/Joystick Pack/Examples/JoystickPlayerExample.cs using Guid(a37d705c8e9115e439ec799186182634) Importer(2089858483,934ff659095e30574adcf32a4c2f97b5) Generated GUIDs only implemented for interfaces!
 -> (artifact id: '0d97f782704daa2b7557d13d48d1c542') in 0.009191 seconds 
========================================================================
Received Import Request.
  Time since last request: 0.000045 seconds.
  path: Assets/TextMesh Pro/Sprites/EmojiOne.png
  artifactKey: Guid(dffef66376be4fa480fb02b19edbe903) Importer(2089858483,934ff659095e30574adcf32a4c2f97b5)
Start importing Assets/TextMesh Pro/Sprites/EmojiOne.png using Guid(dffef66376be4fa480fb02b19edbe903) Importer(2089858483,934ff659095e30574adcf32a4c2f97b5) Generated GUIDs only implemented for interfaces!
 -> (artifact id: '8f492e4d097569f74a3d6d7a289e46d7') in 0.013170 seconds 
========================================================================
Received Import Request.
  Time since last request: 0.000037 seconds.
  path: Assets/TextMesh Pro/Documentation/TextMesh Pro User Guide 2016.pdf
  artifactKey: Guid(1b8d251f9af63b746bf2f7ffe00ebb9b) Importer(2089858483,934ff659095e30574adcf32a4c2f97b5)
Start importing Assets/TextMesh Pro/Documentation/TextMesh Pro User Guide 2016.pdf using Guid(1b8d251f9af63b746bf2f7ffe00ebb9b) Importer(2089858483,934ff659095e30574adcf32a4c2f97b5) Generated GUIDs only implemented for interfaces!
 -> (artifact id: '626e571a5ea0d9df2998e4f3348927bd') in 0.011474 seconds 
========================================================================
Received Import Request.
  Time since last request: 0.000023 seconds.
  path: Assets/TextMesh Pro/Shaders/TMP_SDF-Mobile Masking.shader
  artifactKey: Guid(bc1ede39bf3643ee8e493720e4259791) Importer(2089858483,934ff659095e30574adcf32a4c2f97b5)
Start importing Assets/TextMesh Pro/Shaders/TMP_SDF-Mobile Masking.shader using Guid(bc1ede39bf3643ee8e493720e4259791) Importer(2089858483,934ff659095e30574adcf32a4c2f97b5) Generated GUIDs only implemented for interfaces!
 -> (artifact id: '09161b45bb953c0f491cf89835377541') in 0.013225 seconds 
========================================================================
Received Import Request.
  Time since last request: 0.000023 seconds.
  path: Assets/Animations/Hazard-Attack-Clip.anim
  artifactKey: Guid(4b87b9539b0db2747ad49c10b4d85cc7) Importer(2089858483,934ff659095e30574adcf32a4c2f97b5)
Start importing Assets/Animations/Hazard-Attack-Clip.anim using Guid(4b87b9539b0db2747ad49c10b4d85cc7) Importer(2089858483,934ff659095e30574adcf32a4c2f97b5) Generated GUIDs only implemented for interfaces!
 -> (artifact id: '96ad2f6c5d135918ef3eac282c16e9cc') in 0.013901 seconds 
========================================================================
Received Import Request.
  Time since last request: 0.000034 seconds.
  path: Assets/TextMesh Pro/Shaders/TMP_SDF-Mobile SSD.shader
  artifactKey: Guid(c8d12adcee749c344b8117cf7c7eb912) Importer(2089858483,934ff659095e30574adcf32a4c2f97b5)
Start importing Assets/TextMesh Pro/Shaders/TMP_SDF-Mobile SSD.shader using Guid(c8d12adcee749c344b8117cf7c7eb912) Importer(2089858483,934ff659095e30574adcf32a4c2f97b5) Generated GUIDs only implemented for interfaces!
 -> (artifact id: 'e381a472c58900d8e79cfb9aaa52b933') in 0.012478 seconds 
========================================================================
Received Import Request.
  Time since last request: 0.000245 seconds.
  path: Assets/RenderPipeline/UniversalRenderPipelineGlobalSettings.asset
  artifactKey: Guid(6ea96d96844c34e41b9c10298ccddc3f) Importer(2089858483,934ff659095e30574adcf32a4c2f97b5)
Start importing Assets/RenderPipeline/UniversalRenderPipelineGlobalSettings.asset using Guid(6ea96d96844c34e41b9c10298ccddc3f) Importer(2089858483,934ff659095e30574adcf32a4c2f97b5) Generated GUIDs only implemented for interfaces!
 -> (artifact id: '308d3f17095e509bc8ccab153d0afdd5') in 0.014637 seconds 
========================================================================
Received Import Request.
  Time since last request: 0.000022 seconds.
  path: Assets/TextMesh Pro/Resources/Style Sheets/Default Style Sheet.asset
  artifactKey: Guid(f952c082cb03451daed3ee968ac6c63e) Importer(2089858483,934ff659095e30574adcf32a4c2f97b5)
Start importing Assets/TextMesh Pro/Resources/Style Sheets/Default Style Sheet.asset using Guid(f952c082cb03451daed3ee968ac6c63e) Importer(2089858483,934ff659095e30574adcf32a4c2f97b5) Generated GUIDs only implemented for interfaces!
 -> (artifact id: '0d0857b5cf5bb0efab29252152bccef7') in 0.012493 seconds 
========================================================================
Received Import Request.
  Time since last request: 0.000026 seconds.
  path: Assets/Textures/Gold Texture_H.tif
  artifactKey: Guid(596c2049541849441914b42a107cf48b) Importer(2089858483,934ff659095e30574adcf32a4c2f97b5)
Start importing Assets/Textures/Gold Texture_H.tif using Guid(596c2049541849441914b42a107cf48b) Importer(2089858483,934ff659095e30574adcf32a4c2f97b5) Generated GUIDs only implemented for interfaces!
 -> (artifact id: '28ecdb646c80b3b75824774d3c844c6f') in 0.023505 seconds 
========================================================================
Received Import Request.
  Time since last request: 0.000019 seconds.
  path: Assets/Xternal Assets/Joystick Pack/Sprites/All Axis Backgrounds/AllAxis_Plain_Arrows.png
  artifactKey: Guid(2a1f3cba20f3e11498474a705db12fde) Importer(2089858483,934ff659095e30574adcf32a4c2f97b5)
Start importing Assets/Xternal Assets/Joystick Pack/Sprites/All Axis Backgrounds/AllAxis_Plain_Arrows.png using Guid(2a1f3cba20f3e11498474a705db12fde) Importer(2089858483,934ff659095e30574adcf32a4c2f97b5) Generated GUIDs only implemented for interfaces!
 -> (artifact id: '8335b5e9b0924f57449dad092d802160') in 0.012079 seconds 
========================================================================
Received Import Request.
  Time since last request: 0.000025 seconds.
  path: Assets/Xternal Assets/Joystick Pack/Sprites/All Axis Backgrounds/AllAxis_Outline_Arrows.png
  artifactKey: Guid(48c0d4d6bebaa934384b07aa1e2f8184) Importer(2089858483,934ff659095e30574adcf32a4c2f97b5)
Start importing Assets/Xternal Assets/Joystick Pack/Sprites/All Axis Backgrounds/AllAxis_Outline_Arrows.png using Guid(48c0d4d6bebaa934384b07aa1e2f8184) Importer(2089858483,934ff659095e30574adcf32a4c2f97b5) Generated GUIDs only implemented for interfaces!
 -> (artifact id: '7fab7c1ee8bf9bdb5c8880b1e7ce2aed') in 0.011184 seconds 
========================================================================
Received Import Request.
  Time since last request: 0.000022 seconds.
  path: Assets/Xternal Assets/Joystick Pack/Sprites/Vertical Backgrounds/Vertical_Ridged_Arrows.png
  artifactKey: Guid(9332cf0d233636a40a024382720294a3) Importer(2089858483,934ff659095e30574adcf32a4c2f97b5)
Start importing Assets/Xternal Assets/Joystick Pack/Sprites/Vertical Backgrounds/Vertical_Ridged_Arrows.png using Guid(9332cf0d233636a40a024382720294a3) Importer(2089858483,934ff659095e30574adcf32a4c2f97b5) Generated GUIDs only implemented for interfaces!
 -> (artifact id: 'd80de13dd0fdf0358f8aa92299a79ad7') in 0.014472 seconds 
========================================================================
Received Import Request.
  Time since last request: 0.000034 seconds.
  path: Assets/Xternal Assets/Joystick Pack/Sprites/Horizontal Backgrounds/Horizontal_Outline_Arrows.png
  artifactKey: Guid(7927b9032dc11e841af3f9a1353d7ecd) Importer(2089858483,934ff659095e30574adcf32a4c2f97b5)
Start importing Assets/Xternal Assets/Joystick Pack/Sprites/Horizontal Backgrounds/Horizontal_Outline_Arrows.png using Guid(7927b9032dc11e841af3f9a1353d7ecd) Importer(2089858483,934ff659095e30574adcf32a4c2f97b5) Generated GUIDs only implemented for interfaces!
 -> (artifact id: '9424f13852f03df279e418242001bab7') in 0.011623 seconds 
========================================================================
Received Import Request.
  Time since last request: 0.000038 seconds.
  path: Assets/Xternal Assets/Joystick Pack/Sprites/Vertical Backgrounds/Vertical_Outline_Arrows.png
  artifactKey: Guid(c615706690ca87043ad593475e6db7ec) Importer(2089858483,934ff659095e30574adcf32a4c2f97b5)
Start importing Assets/Xternal Assets/Joystick Pack/Sprites/Vertical Backgrounds/Vertical_Outline_Arrows.png using Guid(c615706690ca87043ad593475e6db7ec) Importer(2089858483,934ff659095e30574adcf32a4c2f97b5) Generated GUIDs only implemented for interfaces!
 -> (artifact id: 'd2df2fa42d26b442f1f16d38e4da4bce') in 0.011509 seconds 
========================================================================
Received Import Request.
  Time since last request: 0.000026 seconds.
  path: Assets/Xternal Assets/Joystick Pack/Sprites/Horizontal Backgrounds/Horizontal_Outline.png
  artifactKey: Guid(cd0a2c1b2c014ba4c80c1df786e150e9) Importer(2089858483,934ff659095e30574adcf32a4c2f97b5)
Start importing Assets/Xternal Assets/Joystick Pack/Sprites/Horizontal Backgrounds/Horizontal_Outline.png using Guid(cd0a2c1b2c014ba4c80c1df786e150e9) Importer(2089858483,934ff659095e30574adcf32a4c2f97b5) Generated GUIDs only implemented for interfaces!
 -> (artifact id: 'a51fa08f8c5786d5705228a9da5ec044') in 0.011422 seconds 
========================================================================
Received Import Request.
  Time since last request: 0.000039 seconds.
  path: Assets/Xternal Assets/Joystick Pack/Sprites/Vertical Backgrounds/Vertical_Plain_Arrows.png
  artifactKey: Guid(3bf6d9f920f7458448a390f80318ebe6) Importer(2089858483,934ff659095e30574adcf32a4c2f97b5)
Start importing Assets/Xternal Assets/Joystick Pack/Sprites/Vertical Backgrounds/Vertical_Plain_Arrows.png using Guid(3bf6d9f920f7458448a390f80318ebe6) Importer(2089858483,934ff659095e30574adcf32a4c2f97b5) Generated GUIDs only implemented for interfaces!
 -> (artifact id: 'e7933bf494f3450cd1bea39e7b5c40a9') in 0.014428 seconds 
========================================================================
Received Import Request.
  Time since last request: 0.000028 seconds.
  path: Assets/Materials/Silver Material.mat
  artifactKey: Guid(8092396bd4400d84aae9172e93f265e9) Importer(2089858483,934ff659095e30574adcf32a4c2f97b5)
Start importing Assets/Materials/Silver Material.mat using Guid(8092396bd4400d84aae9172e93f265e9) Importer(2089858483,934ff659095e30574adcf32a4c2f97b5) Generated GUIDs only implemented for interfaces!
 -> (artifact id: 'daadb4e700640bdd1099f183f56e65cd') in 0.009418 seconds 
========================================================================
Received Import Request.
  Time since last request: 0.000018 seconds.
  path: Assets/Textures/MiniMap Render Texture.renderTexture
  artifactKey: Guid(305fef4168e448740a5dc39c7b242168) Importer(2089858483,934ff659095e30574adcf32a4c2f97b5)
Start importing Assets/Textures/MiniMap Render Texture.renderTexture using Guid(305fef4168e448740a5dc39c7b242168) Importer(2089858483,934ff659095e30574adcf32a4c2f97b5) Generated GUIDs only implemented for interfaces!
 -> (artifact id: '850c7cfc6dc1dcfd71cd4a797d9c7385') in 0.014029 seconds 
========================================================================
Received Prepare
Refreshing native plugins compatible for Editor in 20.88 ms, found 4 plugins.
Preloading 0 native plugins for Editor in 0.00 ms.
Unloading 46 Unused Serialized files (Serialized files now loaded: 0)
Unloading 46 unused Assets / (0.7 MB). Loaded Objects now: 5754.
Memory consumption went from 97.7 MB to 97.1 MB.
Total: 5.044800 ms (FindLiveObjects: 0.682900 ms CreateObjectMapping: 0.688300 ms MarkObjects: 3.385700 ms  DeleteObjects: 0.287200 ms)

AssetImportParameters requested are different than current active one (requested -> active):
  custom:video-decoder-ogg-theora: a1e56fd34408186e4bbccfd4996cb3dc -> 
  custom:container-muxer-webm: aa71ff27fc2769a1b78a27578f13a17b -> 
  custom:container-demuxer-webm: 4f35f7cbe854078d1ac9338744f61a02 -> 
  custom:video-encoder-webm-vp8: eb34c28f22e8b96e1ab97ce403110664 -> 
  custom:audio-encoder-webm-vorbis: bf7c407c2cedff20999df2af8eb42d56 -> 
  custom:framework-win-MediaFoundation: 216162199b28c13a410421893ffa2e32 -> 
  custom:SearchIndexIgnoredProperties: e643bd26f0fe6173181afceb89e7c659 -> 
  custom:container-demuxer-ogg: 62fdf1f143b41e24485cea50d1cbac27 -> 
  custom:video-decoder-webm-vp8: 9c59270c3fd7afecdb556c50c9e8de78 -> 
  custom:audio-decoder-ogg-vorbis: bf7c407c2cedff20999df2af8eb42d56 -> 
Editor requested this worker to shutdown with reason: Scaling down because of idle timeout
AssetImportWorker is now disconnected from the server
Process exiting
Exiting without the bug reporter. Application will terminate with return code 0